2025-09-09 18:57:09,074 - app - INFO - Starting Del Mar Race Analysis Application
2025-09-09 18:57:09,084 - services.session_manager - INFO - Database initialized successfully
2025-09-09 18:57:09,084 - app - INFO - Application state initialized successfully
2025-09-09 18:57:09,084 - app - INFO - Application startup complete
2025-09-09 18:57:09,154 - watchfiles.main - INFO - 8 changes detected
2025-09-09 18:57:09,505 - watchfiles.main - INFO - 1 change detected
2025-09-09 18:57:09,855 - watchfiles.main - INFO - 1 change detected
2025-09-09 18:57:10,206 - watchfiles.main - INFO - 1 change detected
2025-09-09 18:57:10,556 - watchfiles.main - INFO - 1 change detected
2025-09-09 18:57:10,906 - watchfiles.main - INFO - 1 change detected
2025-09-09 18:57:11,257 - watchfiles.main - INFO - 1 change detected
2025-09-09 18:57:11,607 - watchfiles.main - INFO - 1 change detected
2025-09-09 18:57:11,958 - watchfiles.main - INFO - 1 change detected
2025-09-09 18:57:12,309 - watchfiles.main - INFO - 1 change detected
2025-09-09 18:57:12,659 - watchfiles.main - INFO - 1 change detected
2025-09-09 18:57:13,009 - watchfiles.main - INFO - 1 change detected
2025-09-09 18:57:13,360 - watchfiles.main - INFO - 1 change detected
2025-09-09 18:57:13,710 - watchfiles.main - INFO - 1 change detected
2025-09-09 18:57:14,061 - watchfiles.main - INFO - 1 change detected
2025-09-09 18:57:14,411 - watchfiles.main - INFO - 1 change detected
2025-09-09 18:57:14,762 - watchfiles.main - INFO - 1 change detected
2025-09-09 18:57:15,112 - watchfiles.main - INFO - 1 change detected
2025-09-09 18:57:15,462 - watchfiles.main - INFO - 1 change detected
2025-09-09 18:57:15,813 - watchfiles.main - INFO - 1 change detected
2025-09-09 18:57:16,163 - watchfiles.main - INFO - 1 change detected
2025-09-09 18:57:16,514 - watchfiles.main - INFO - 1 change detected
2025-09-09 18:57:16,864 - watchfiles.main - INFO - 1 change detected
2025-09-09 18:57:17,214 - watchfiles.main - INFO - 1 change detected
2025-09-09 18:57:17,565 - watchfiles.main - INFO - 1 change detected
2025-09-09 18:57:17,915 - watchfiles.main - INFO - 1 change detected
2025-09-09 18:57:18,266 - watchfiles.main - INFO - 1 change detected
2025-09-09 18:57:18,616 - watchfiles.main - INFO - 1 change detected
2025-09-09 18:57:18,966 - watchfiles.main - INFO - 1 change detected
2025-09-09 18:57:19,317 - watchfiles.main - INFO - 1 change detected
2025-09-09 18:57:19,667 - watchfiles.main - INFO - 1 change detected
2025-09-09 18:57:20,018 - watchfiles.main - INFO - 1 change detected
2025-09-09 18:57:20,368 - watchfiles.main - INFO - 1 change detected
2025-09-09 18:57:20,719 - watchfiles.main - INFO - 1 change detected
2025-09-09 18:57:21,069 - watchfiles.main - INFO - 1 change detected
2025-09-09 18:57:21,419 - watchfiles.main - INFO - 1 change detected
2025-09-09 18:57:21,770 - watchfiles.main - INFO - 1 change detected
2025-09-09 18:57:22,120 - watchfiles.main - INFO - 1 change detected
2025-09-09 18:57:22,471 - watchfiles.main - INFO - 1 change detected
2025-09-09 18:57:22,821 - watchfiles.main - INFO - 1 change detected
2025-09-09 18:57:23,172 - watchfiles.main - INFO - 1 change detected
2025-09-09 18:57:23,522 - watchfiles.main - INFO - 1 change detected
2025-09-09 18:57:23,872 - watchfiles.main - INFO - 1 change detected
2025-09-09 18:57:24,223 - watchfiles.main - INFO - 1 change detected
2025-09-09 18:57:24,573 - watchfiles.main - INFO - 1 change detected
2025-09-09 18:57:24,924 - watchfiles.main - INFO - 1 change detected
2025-09-09 18:57:25,274 - watchfiles.main - INFO - 1 change detected
2025-09-09 18:57:25,625 - watchfiles.main - INFO - 1 change detected
2025-09-09 18:57:25,975 - watchfiles.main - INFO - 1 change detected
2025-09-09 18:57:26,325 - watchfiles.main - INFO - 1 change detected
2025-09-09 18:57:26,676 - watchfiles.main - INFO - 1 change detected
2025-09-09 18:57:27,026 - watchfiles.main - INFO - 1 change detected
2025-09-09 18:57:27,377 - watchfiles.main - INFO - 1 change detected
2025-09-09 18:57:27,727 - watchfiles.main - INFO - 1 change detected
2025-09-09 18:57:28,078 - watchfiles.main - INFO - 1 change detected
2025-09-09 18:57:28,428 - watchfiles.main - INFO - 1 change detected
2025-09-09 18:57:28,779 - watchfiles.main - INFO - 1 change detected
2025-09-09 18:57:29,129 - watchfiles.main - INFO - 1 change detected
2025-09-09 18:57:29,480 - watchfiles.main - INFO - 1 change detected
2025-09-09 18:57:29,830 - watchfiles.main - INFO - 1 change detected
2025-09-09 18:57:30,180 - watchfiles.main - INFO - 1 change detected
2025-09-09 18:57:30,531 - watchfiles.main - INFO - 1 change detected
2025-09-09 18:57:30,881 - watchfiles.main - INFO - 1 change detected
2025-09-09 18:57:31,232 - watchfiles.main - INFO - 1 change detected
2025-09-09 18:57:31,582 - watchfiles.main - INFO - 1 change detected
2025-09-09 18:57:31,932 - watchfiles.main - INFO - 1 change detected
2025-09-09 18:57:32,283 - watchfiles.main - INFO - 1 change detected
2025-09-09 18:57:32,633 - watchfiles.main - INFO - 1 change detected
2025-09-09 18:57:32,984 - watchfiles.main - INFO - 1 change detected
2025-09-09 18:57:33,334 - watchfiles.main - INFO - 1 change detected
2025-09-09 18:57:33,685 - watchfiles.main - INFO - 1 change detected
2025-09-09 18:57:34,035 - watchfiles.main - INFO - 1 change detected
2025-09-09 18:57:34,385 - watchfiles.main - INFO - 1 change detected
2025-09-09 18:57:34,736 - watchfiles.main - INFO - 1 change detected
2025-09-09 18:57:35,086 - watchfiles.main - INFO - 1 change detected
2025-09-09 18:57:35,437 - watchfiles.main - INFO - 1 change detected
2025-09-09 18:57:35,787 - watchfiles.main - INFO - 1 change detected
2025-09-30 13:51:09,059 - app - INFO - Starting Del Mar Race Analysis Application
2025-09-30 13:51:09,060 - services.session_manager - INFO - Database initialized successfully
2025-09-30 13:51:09,065 - services.gradient_boosting_predictor - WARNING - No training data available, initializing untrained model
2025-09-30 13:51:09,065 - services.gradient_boosting_predictor - INFO - Gradient Boosting model trained successfully
2025-09-30 13:51:09,065 - services.orchestration_service - INFO - Gradient Boosting Predictor initialized in orchestration
2025-09-30 13:51:09,065 - services.kelly_optimizer - INFO - Kelly Criterion optimizer initialized with 5% max allocation and 20% drawdown threshold
2025-09-30 13:51:09,065 - services.orchestration_service - INFO - Kelly Criterion Optimizer initialized in orchestration
2025-09-30 13:51:09,065 - services.orchestration_service - INFO - Validation Framework initialized in orchestration
2025-09-30 13:51:09,065 - services.gradient_boosting_predictor - WARNING - No training data available, initializing untrained model
2025-09-30 13:51:09,065 - services.gradient_boosting_predictor - INFO - Gradient Boosting model trained successfully
2025-09-30 13:51:09,065 - app - INFO - Gradient Boosting Predictor initialized
2025-09-30 13:51:09,065 - services.kelly_optimizer - INFO - Kelly Criterion optimizer initialized with 5% max allocation and 20% drawdown threshold
2025-09-30 13:51:09,066 - app - INFO - Kelly Criterion Optimizer initialized
2025-09-30 13:51:09,066 - app - INFO - Application state initialized successfully
2025-09-30 13:51:09,066 - app - INFO - Application startup complete
2025-09-30 13:51:09,140 - watchfiles.main - INFO - 4 changes detected
2025-09-30 13:51:09,492 - watchfiles.main - INFO - 1 change detected
2025-09-30 13:51:09,842 - watchfiles.main - INFO - 1 change detected
2025-09-30 13:51:10,193 - watchfiles.main - INFO - 1 change detected
2025-09-30 13:51:10,543 - watchfiles.main - INFO - 1 change detected
2025-09-30 13:51:10,894 - watchfiles.main - INFO - 1 change detected
2025-09-30 13:51:11,244 - watchfiles.main - INFO - 1 change detected
2025-09-30 13:51:11,595 - watchfiles.main - INFO - 1 change detected
2025-09-30 13:51:11,945 - watchfiles.main - INFO - 1 change detected
2025-09-30 13:51:12,296 - watchfiles.main - INFO - 1 change detected
2025-09-30 13:51:12,646 - watchfiles.main - INFO - 1 change detected
2025-09-30 13:51:12,996 - watchfiles.main - INFO - 1 change detected
2025-09-30 13:51:13,347 - watchfiles.main - INFO - 1 change detected
2025-09-30 13:51:13,697 - watchfiles.main - INFO - 1 change detected
2025-09-30 13:51:14,048 - watchfiles.main - INFO - 1 change detected
2025-09-30 13:51:14,398 - watchfiles.main - INFO - 1 change detected
2025-09-30 13:51:14,749 - watchfiles.main - INFO - 1 change detected
2025-09-30 13:51:15,099 - watchfiles.main - INFO - 1 change detected
2025-09-30 13:51:15,449 - watchfiles.main - INFO - 1 change detected
2025-09-30 13:51:15,800 - watchfiles.main - INFO - 1 change detected
2025-09-30 13:51:16,151 - watchfiles.main - INFO - 1 change detected
2025-09-30 13:51:16,501 - watchfiles.main - INFO - 1 change detected
2025-09-30 13:51:16,851 - watchfiles.main - INFO - 1 change detected
2025-09-30 13:51:17,202 - watchfiles.main - INFO - 1 change detected
2025-09-30 13:51:17,552 - watchfiles.main - INFO - 1 change detected
2025-09-30 13:51:17,903 - watchfiles.main - INFO - 1 change detected
2025-09-30 13:51:18,253 - watchfiles.main - INFO - 1 change detected
2025-09-30 13:51:18,604 - watchfiles.main - INFO - 1 change detected
2025-09-30 13:51:18,954 - watchfiles.main - INFO - 1 change detected
2025-09-30 13:51:19,304 - watchfiles.main - INFO - 1 change detected
2025-09-30 13:51:19,655 - watchfiles.main - INFO - 1 change detected
2025-09-30 13:51:20,005 - watchfiles.main - INFO - 1 change detected
2025-09-30 13:51:20,356 - watchfiles.main - INFO - 1 change detected
2025-09-30 13:51:20,706 - watchfiles.main - INFO - 1 change detected
2025-09-30 13:51:21,056 - watchfiles.main - INFO - 1 change detected
2025-09-30 13:51:21,407 - watchfiles.main - INFO - 1 change detected
2025-09-30 13:51:21,757 - watchfiles.main - INFO - 1 change detected
2025-09-30 13:51:22,108 - watchfiles.main - INFO - 1 change detected
2025-09-30 13:51:22,458 - watchfiles.main - INFO - 1 change detected
2025-09-30 13:51:22,809 - watchfiles.main - INFO - 1 change detected
2025-09-30 13:51:23,159 - watchfiles.main - INFO - 1 change detected
2025-09-30 13:51:23,509 - watchfiles.main - INFO - 1 change detected
2025-09-30 13:51:23,860 - watchfiles.main - INFO - 1 change detected
2025-09-30 13:51:24,210 - watchfiles.main - INFO - 1 change detected
2025-09-30 13:51:24,561 - watchfiles.main - INFO - 1 change detected
2025-09-30 13:51:24,911 - watchfiles.main - INFO - 1 change detected
2025-09-30 13:51:25,262 - watchfiles.main - INFO - 1 change detected
2025-09-30 13:51:25,612 - watchfiles.main - INFO - 1 change detected
2025-09-30 13:51:25,963 - watchfiles.main - INFO - 1 change detected
2025-09-30 13:51:26,313 - watchfiles.main - INFO - 1 change detected
2025-09-30 13:51:26,664 - watchfiles.main - INFO - 1 change detected
2025-09-30 13:51:27,014 - watchfiles.main - INFO - 1 change detected
2025-09-30 13:51:27,365 - watchfiles.main - INFO - 1 change detected
2025-09-30 13:51:27,715 - watchfiles.main - INFO - 1 change detected
2025-09-30 13:51:28,066 - watchfiles.main - INFO - 1 change detected
2025-09-30 13:51:28,417 - watchfiles.main - INFO - 1 change detected
2025-09-30 13:51:28,768 - watchfiles.main - INFO - 1 change detected
2025-09-30 13:51:29,118 - watchfiles.main - INFO - 1 change detected
2025-09-30 13:51:29,469 - watchfiles.main - INFO - 1 change detected
2025-09-30 13:51:29,819 - watchfiles.main - INFO - 1 change detected
2025-09-30 13:51:30,170 - watchfiles.main - INFO - 1 change detected
2025-09-30 13:51:30,520 - watchfiles.main - INFO - 1 change detected
2025-09-30 13:51:30,871 - watchfiles.main - INFO - 1 change detected
2025-09-30 13:51:31,221 - watchfiles.main - INFO - 1 change detected
2025-09-30 13:51:31,572 - watchfiles.main - INFO - 1 change detected
